[INFO] Disk initialized: disksever, 128 Cylinders, 8 Sectors per cylinder
[INFO] Information request
[INFO] 128 Cylinders, 8 Sectors per cylinder
[INFO] Read request
[INFO] Write request
[INFO] Write request
[INFO] Write request
[INFO] Write request
[INFO] Write request
[INFO] Write request
[INFO] Write request
[INFO] Write request
[INFO] Write request
[INFO] Write request
[INFO] Write request
[INFO] Write request
[INFO] Write request
[INFO] Write request
[INFO] Write request
[INFO] Write request
[INFO] Write request
[INFO] Write request
[INFO] Write request
[INFO] Write request
[INFO] Write request
[INFO] Write request
[INFO] Write request
[INFO] Write request
[INFO] Write request
[INFO] Write request
[INFO] Write request
[INFO] Write request
[INFO] Write request
[INFO] Write request
[INFO] Write request
[INFO] Write request
[INFO] Write request
[INFO] Write request
[INFO] Write request
[INFO] Write request
[INFO] Write request
[INFO] Write request
[INFO] Write request
[INFO] Write request
[INFO] Write request
[INFO] Write request
[INFO] Write request
[INFO] Write request
[INFO] Write request
[INFO] Write request
[INFO] Write request
[INFO] Write request
[INFO] Write request
[INFO] Write request
[INFO] Write request
[INFO] Write request
[INFO] Write request
[INFO] Write request
[INFO] Write request
[INFO] Write request
[INFO] Write request
[INFO] Write request
[INFO] Write request
[INFO] Write request
[INFO] Write request
[INFO] Write request
[INFO] Write request
[INFO] Write request
[INFO] Write request
[INFO] Write request
[INFO] Write request
[INFO] Read request
[INFO] Write request
[INFO] Read request
[INFO] Write request
[INFO] Write request
[INFO] Read request
[INFO] Write request
[INFO] Read request
[INFO] Write request
[INFO] Read request
[INFO] Read request
[INFO] Write request
[INFO] Write request
[INFO] Write request
[INFO] Write request
[INFO] Write request
[INFO] Write request
[INFO] Write request
[INFO] Write request
[INFO] Write request
[INFO] Write request
[INFO] Write request
[INFO] Write request
[INFO] Write request
[INFO] Write request
[INFO] Write request
[INFO] Write request
[INFO] Write request
[INFO] Write request
[INFO] Write request
[INFO] Write request
[INFO] Write request
[INFO] Write request
[INFO] Write request
[INFO] Write request
[INFO] Write request
[INFO] Write request
[INFO] Write request
[INFO] Write request
[INFO] Write request
[INFO] Write request
[INFO] Write request
[INFO] Write request
[INFO] Write request
[INFO] Write request
[INFO] Write request
[INFO] Write request
[INFO] Write request
[INFO] Write request
[INFO] Write request
[INFO] Write request
[INFO] Write request
[INFO] Write request
[INFO] Write request
[INFO] Write request
[INFO] Write request
[INFO] Write request
[INFO] Write request
[INFO] Write request
[INFO] Write request
[INFO] Write request
[INFO] Write request
[INFO] Write request
[INFO] Write request
[INFO] Write request
[INFO] Write request
[INFO] Write request
[INFO] Write request
[INFO] Write request
[INFO] Write request
[INFO] Write request
[INFO] Write request
[INFO] Write request
[INFO] Write request
[INFO] Write request
[INFO] Write request
[INFO] Write request
[INFO] Write request
[INFO] Read request
[INFO] Read request
[INFO] Write request
[INFO] Read request
[INFO] Write request
[INFO] Write request
[INFO] Read request
[INFO] Write request
[INFO] Read request
[INFO] Write request
[INFO] Read request
